<?xml version="1.0" encoding="UTF-8"?>
<!-- Generated by org.testng.reporters.JUnitReportReporter -->
<testsuite skipped="1" hostname="ACNAGARA-LAP" name="in.keys2javaselenium.newtour1.testrunner.NewToursRunner" tests="1" failures="0" timestamp="17 Dec 2016 06:55:14 GMT" time="0.000" errors="0">
  <testcase name="verifyHomePage" time="0.000" classname="in.keys2javaselenium.newtour1.testrunner.NewToursRunner">
    <skipped/>
  </testcase> <!-- verifyHomePage -->
</testsuite> <!-- in.keys2javaselenium.newtour1.testrunner.NewToursRunner -->
