<?xml version="1.0" encoding="UTF-8"?>
<!-- Generated by org.testng.reporters.JUnitReportReporter -->
<testsuite skipped="0" hostname="ACNAGARA-LAP" name="in.keys2javaselenium.newtour1.utility.BrowserSelection" tests="1" failures="0" timestamp="10 Dec 2016 03:20:42 GMT" time="10.867" errors="0">
  <testcase name="getScreenshot" time="10.867" classname="in.keys2javaselenium.newtour1.utility.BrowserSelection"/>
</testsuite> <!-- in.keys2javaselenium.newtour1.utility.BrowserSelection -->
